ERROR 2026-01-06 01:46:26,558 log Internal Server Error: /accounts/login/
Traceback (most recent call last):
  File "C:\Users\Lenovo\Desktop\DjangoProjects\Apprompty\venv\Lib\site-packages\django\core\handlers\exception.py", line 55, in inner
    response = get_response(request)
  File "C:\Users\Lenovo\Desktop\DjangoProjects\Apprompty\venv\Lib\site-packages\django\core\handlers\base.py", line 198, in _get_response
    response = wrapped_callback(request, *callback_args, **callback_kwargs)
  File "C:\Users\Lenovo\Desktop\DjangoProjects\Apprompty\venv\Lib\site-packages\django\views\generic\base.py", line 106, in view
    return self.dispatch(request, *args, **kwargs)
           ~~~~~~~~~~~~~^^^^^^^^^^^^^^^^^^^^^^^^^^
  File "C:\Users\Lenovo\Desktop\DjangoProjects\Apprompty\venv\Lib\site-packages\django\utils\decorators.py", line 48, in _wrapper
    return bound_method(*args, **kwargs)
  File "C:\Users\Lenovo\Desktop\DjangoProjects\Apprompty\venv\Lib\site-packages\django\views\decorators\debug.py", line 143, in sensitive_post_parameters_wrapper
    return view(request, *args, **kwargs)
  File "C:\Users\Lenovo\Desktop\DjangoProjects\Apprompty\venv\Lib\site-packages\django\utils\decorators.py", line 192, in _view_wrapper
    result = _process_exception(request, e)
  File "C:\Users\Lenovo\Desktop\DjangoProjects\Apprompty\venv\Lib\site-packages\django\utils\decorators.py", line 190, in _view_wrapper
    response = view_func(request, *args, **kwargs)
  File "C:\Users\Lenovo\Desktop\DjangoProjects\Apprompty\venv\Lib\site-packages\django\views\decorators\cache.py", line 80, in _view_wrapper
    response = view_func(request, *args, **kwargs)
  File "C:\Users\Lenovo\Desktop\DjangoProjects\Apprompty\venv\Lib\site-packages\django\contrib\auth\views.py", line 89, in dispatch
    return super().dispatch(request, *args, **kwargs)
           ~~~~~~~~~~~~~~~~^^^^^^^^^^^^^^^^^^^^^^^^^^
  File "C:\Users\Lenovo\Desktop\DjangoProjects\Apprompty\venv\Lib\site-packages\django\views\generic\base.py", line 145, in dispatch
    return handler(request, *args, **kwargs)
  File "C:\Users\Lenovo\Desktop\DjangoProjects\Apprompty\venv\Lib\site-packages\django\views\generic\edit.py", line 151, in post
    return self.form_valid(form)
           ~~~~~~~~~~~~~~~^^^^^^
  File "C:\Users\Lenovo\Desktop\DjangoProjects\Apprompty\venv\Lib\site-packages\django\contrib\auth\views.py", line 109, in form_valid
    return HttpResponseRedirect(self.get_success_url())
                                ~~~~~~~~~~~~~~~~~~~~^^
  File "C:\Users\Lenovo\Desktop\DjangoProjects\Apprompty\venv\Lib\site-packages\django\contrib\auth\views.py", line 41, in get_success_url
    return self.get_redirect_url() or self.get_default_redirect_url()
                                      ~~~~~~~~~~~~~~~~~~~~~~~~~~~~~^^
  File "C:\Users\Lenovo\Desktop\DjangoProjects\Apprompty\venv\Lib\site-packages\django\contrib\auth\views.py", line 96, in get_default_redirect_url
    return resolve_url(settings.LOGIN_REDIRECT_URL)
  File "C:\Users\Lenovo\Desktop\DjangoProjects\Apprompty\venv\Lib\site-packages\django\shortcuts.py", line 184, in resolve_url
    return reverse(to, args=args, kwargs=kwargs)
  File "C:\Users\Lenovo\Desktop\DjangoProjects\Apprompty\venv\Lib\site-packages\django\urls\base.py", line 98, in reverse
    resolved_url = resolver._reverse_with_prefix(view, prefix, *args, **kwargs)
  File "C:\Users\Lenovo\Desktop\DjangoProjects\Apprompty\venv\Lib\site-packages\django\urls\resolvers.py", line 842, in _reverse_with_prefix
    raise NoReverseMatch(msg)
django.urls.exceptions.NoReverseMatch: Reverse for 'dashboard' not found. 'dashboard' is not a valid view function or pattern name.
ERROR 2026-01-06 01:46:26,772 log "POST /accounts/login/ HTTP/1.1" 500 137135
ERROR 2026-01-06 02:42:12,665 log Internal Server Error: /accounts/login/
Traceback (most recent call last):
  File "C:\Users\Lenovo\Desktop\DjangoProjects\Apprompty\venv\Lib\site-packages\django\core\handlers\exception.py", line 55, in inner
    response = get_response(request)
  File "C:\Users\Lenovo\Desktop\DjangoProjects\Apprompty\venv\Lib\site-packages\django\core\handlers\base.py", line 221, in _get_response
    response = response.render()
  File "C:\Users\Lenovo\Desktop\DjangoProjects\Apprompty\venv\Lib\site-packages\django\template\response.py", line 114, in render
    self.content = self.rendered_content
                   ^^^^^^^^^^^^^^^^^^^^^
  File "C:\Users\Lenovo\Desktop\DjangoProjects\Apprompty\venv\Lib\site-packages\django\template\response.py", line 92, in rendered_content
    return template.render(context, self._request)
           ~~~~~~~~~~~~~~~^^^^^^^^^^^^^^^^^^^^^^^^
  File "C:\Users\Lenovo\Desktop\DjangoProjects\Apprompty\venv\Lib\site-packages\django\template\backends\django.py", line 107, in render
    return self.template.render(context)
           ~~~~~~~~~~~~~~~~~~~~^^^^^^^^^
  File "C:\Users\Lenovo\Desktop\DjangoProjects\Apprompty\venv\Lib\site-packages\django\template\base.py", line 174, in render
    return self._render(context)
           ~~~~~~~~~~~~^^^^^^^^^
  File "C:\Users\Lenovo\Desktop\DjangoProjects\Apprompty\venv\Lib\site-packages\django\template\base.py", line 166, in _render
    return self.nodelist.render(context)
           ~~~~~~~~~~~~~~~~~~~~^^^^^^^^^
  File "C:\Users\Lenovo\Desktop\DjangoProjects\Apprompty\venv\Lib\site-packages\django\template\base.py", line 1091, in render
    return SafeString("".join([node.render_annotated(context) for node in self]))
                               ~~~~~~~~~~~~~~~~~~~~~^^^^^^^^^
  File "C:\Users\Lenovo\Desktop\DjangoProjects\Apprompty\venv\Lib\site-packages\django\template\base.py", line 1052, in render_annotated
    return self.render(context)
           ~~~~~~~~~~~^^^^^^^^^
  File "C:\Users\Lenovo\Desktop\DjangoProjects\Apprompty\venv\Lib\site-packages\django\template\loader_tags.py", line 160, in render
    return compiled_parent._render(context)
           ~~~~~~~~~~~~~~~~~~~~~~~^^^^^^^^^
  File "C:\Users\Lenovo\Desktop\DjangoProjects\Apprompty\venv\Lib\site-packages\django\template\base.py", line 166, in _render
    return self.nodelist.render(context)
           ~~~~~~~~~~~~~~~~~~~~^^^^^^^^^
  File "C:\Users\Lenovo\Desktop\DjangoProjects\Apprompty\venv\Lib\site-packages\django\template\base.py", line 1091, in render
    return SafeString("".join([node.render_annotated(context) for node in self]))
                               ~~~~~~~~~~~~~~~~~~~~~^^^^^^^^^
  File "C:\Users\Lenovo\Desktop\DjangoProjects\Apprompty\venv\Lib\site-packages\django\template\base.py", line 1052, in render_annotated
    return self.render(context)
           ~~~~~~~~~~~^^^^^^^^^
  File "C:\Users\Lenovo\Desktop\DjangoProjects\Apprompty\venv\Lib\site-packages\django\template\loader_tags.py", line 66, in render
    result = block.nodelist.render(context)
  File "C:\Users\Lenovo\Desktop\DjangoProjects\Apprompty\venv\Lib\site-packages\django\template\base.py", line 1091, in render
    return SafeString("".join([node.render_annotated(context) for node in self]))
                               ~~~~~~~~~~~~~~~~~~~~~^^^^^^^^^
  File "C:\Users\Lenovo\Desktop\DjangoProjects\Apprompty\venv\Lib\site-packages\django\template\base.py", line 1052, in render_annotated
    return self.render(context)
           ~~~~~~~~~~~^^^^^^^^^
  File "C:\Users\Lenovo\Desktop\DjangoProjects\Apprompty\venv\Lib\site-packages\django\template\defaulttags.py", line 511, in render
    url = reverse(view_name, args=args, kwargs=kwargs, current_app=current_app)
  File "C:\Users\Lenovo\Desktop\DjangoProjects\Apprompty\venv\Lib\site-packages\django\urls\base.py", line 98, in reverse
    resolved_url = resolver._reverse_with_prefix(view, prefix, *args, **kwargs)
  File "C:\Users\Lenovo\Desktop\DjangoProjects\Apprompty\venv\Lib\site-packages\django\urls\resolvers.py", line 842, in _reverse_with_prefix
    raise NoReverseMatch(msg)
django.urls.exceptions.NoReverseMatch: Reverse for 'password_reset' not found. 'password_reset' is not a valid view function or pattern name.
ERROR 2026-01-06 02:42:12,840 log "GET /accounts/login/?next=/accounts/profile/ HTTP/1.1" 500 152201
ERROR 2026-01-06 02:49:57,848 log Internal Server Error: /projects/dashboard/
Traceback (most recent call last):
  File "C:\Users\Lenovo\Desktop\DjangoProjects\Apprompty\venv\Lib\site-packages\django\core\handlers\exception.py", line 55, in inner
    response = get_response(request)
  File "C:\Users\Lenovo\Desktop\DjangoProjects\Apprompty\venv\Lib\site-packages\django\core\handlers\base.py", line 198, in _get_response
    response = wrapped_callback(request, *callback_args, **callback_kwargs)
  File "C:\Users\Lenovo\Desktop\DjangoProjects\Apprompty\venv\Lib\site-packages\django\contrib\auth\decorators.py", line 59, in _view_wrapper
    return view_func(request, *args, **kwargs)
  File "C:\Users\Lenovo\Desktop\DjangoProjects\Apprompty\projects\views.py", line 13, in dashboard
    projects = Project.objects.filter(user=request.user)
           ^^^^^^^^^^^^^^^^^^^^^^^^^^^^^^^^^^^^^^^^^^^^^
  File "C:\Users\Lenovo\Desktop\DjangoProjects\Apprompty\venv\Lib\site-packages\django\shortcuts.py", line 25, in render
    content = loader.render_to_string(template_name, context, request, using=using)
  File "C:\Users\Lenovo\Desktop\DjangoProjects\Apprompty\venv\Lib\site-packages\django\template\loader.py", line 62, in render_to_string
    return template.render(context, request)
           ~~~~~~~~~~~~~~~^^^^^^^^^^^^^^^^^^
  File "C:\Users\Lenovo\Desktop\DjangoProjects\Apprompty\venv\Lib\site-packages\django\template\backends\django.py", line 107, in render
    return self.template.render(context)
           ~~~~~~~~~~~~~~~~~~~~^^^^^^^^^
  File "C:\Users\Lenovo\Desktop\DjangoProjects\Apprompty\venv\Lib\site-packages\django\template\base.py", line 174, in render
    return self._render(context)
           ~~~~~~~~~~~~^^^^^^^^^
  File "C:\Users\Lenovo\Desktop\DjangoProjects\Apprompty\venv\Lib\site-packages\django\template\base.py", line 166, in _render
    return self.nodelist.render(context)
           ~~~~~~~~~~~~~~~~~~~~^^^^^^^^^
  File "C:\Users\Lenovo\Desktop\DjangoProjects\Apprompty\venv\Lib\site-packages\django\template\base.py", line 1091, in render
    return SafeString("".join([node.render_annotated(context) for node in self]))
                               ~~~~~~~~~~~~~~~~~~~~~^^^^^^^^^
  File "C:\Users\Lenovo\Desktop\DjangoProjects\Apprompty\venv\Lib\site-packages\django\template\base.py", line 1052, in render_annotated
    return self.render(context)
           ~~~~~~~~~~~^^^^^^^^^
  File "C:\Users\Lenovo\Desktop\DjangoProjects\Apprompty\venv\Lib\site-packages\django\template\loader_tags.py", line 160, in render
    return compiled_parent._render(context)
           ~~~~~~~~~~~~~~~~~~~~~~~^^^^^^^^^
  File "C:\Users\Lenovo\Desktop\DjangoProjects\Apprompty\venv\Lib\site-packages\django\template\base.py", line 166, in _render
    return self.nodelist.render(context)
           ~~~~~~~~~~~~~~~~~~~~^^^^^^^^^
  File "C:\Users\Lenovo\Desktop\DjangoProjects\Apprompty\venv\Lib\site-packages\django\template\base.py", line 1091, in render
    return SafeString("".join([node.render_annotated(context) for node in self]))
                               ~~~~~~~~~~~~~~~~~~~~~^^^^^^^^^
  File "C:\Users\Lenovo\Desktop\DjangoProjects\Apprompty\venv\Lib\site-packages\django\template\base.py", line 1052, in render_annotated
    return self.render(context)
           ~~~~~~~~~~~^^^^^^^^^
  File "C:\Users\Lenovo\Desktop\DjangoProjects\Apprompty\venv\Lib\site-packages\django\template\loader_tags.py", line 66, in render
    result = block.nodelist.render(context)
  File "C:\Users\Lenovo\Desktop\DjangoProjects\Apprompty\venv\Lib\site-packages\django\template\base.py", line 1091, in render
    return SafeString("".join([node.render_annotated(context) for node in self]))
                               ~~~~~~~~~~~~~~~~~~~~~^^^^^^^^^
  File "C:\Users\Lenovo\Desktop\DjangoProjects\Apprompty\venv\Lib\site-packages\django\template\base.py", line 1052, in render_annotated
    return self.render(context)
           ~~~~~~~~~~~^^^^^^^^^
  File "C:\Users\Lenovo\Desktop\DjangoProjects\Apprompty\venv\Lib\site-packages\django\template\defaulttags.py", line 333, in render
    return nodelist.render(context)
           ~~~~~~~~~~~~~~~^^^^^^^^^
  File "C:\Users\Lenovo\Desktop\DjangoProjects\Apprompty\venv\Lib\site-packages\django\template\base.py", line 1091, in render
    return SafeString("".join([node.render_annotated(context) for node in self]))
                               ~~~~~~~~~~~~~~~~~~~~~^^^^^^^^^
  File "C:\Users\Lenovo\Desktop\DjangoProjects\Apprompty\venv\Lib\site-packages\django\template\base.py", line 1052, in render_annotated
    return self.render(context)
           ~~~~~~~~~~~^^^^^^^^^
  File "C:\Users\Lenovo\Desktop\DjangoProjects\Apprompty\venv\Lib\site-packages\django\template\defaulttags.py", line 249, in render
    nodelist.append(node.render_annotated(context))
                    ~~~~~~~~~~~~~~~~~~~~~^^^^^^^^^
  File "C:\Users\Lenovo\Desktop\DjangoProjects\Apprompty\venv\Lib\site-packages\django\template\base.py", line 1052, in render_annotated
    return self.render(context)
           ~~~~~~~~~~~^^^^^^^^^
  File "C:\Users\Lenovo\Desktop\DjangoProjects\Apprompty\venv\Lib\site-packages\django\template\defaulttags.py", line 511, in render
    url = reverse(view_name, args=args, kwargs=kwargs, current_app=current_app)
  File "C:\Users\Lenovo\Desktop\DjangoProjects\Apprompty\venv\Lib\site-packages\django\urls\base.py", line 98, in reverse
    resolved_url = resolver._reverse_with_prefix(view, prefix, *args, **kwargs)
  File "C:\Users\Lenovo\Desktop\DjangoProjects\Apprompty\venv\Lib\site-packages\django\urls\resolvers.py", line 842, in _reverse_with_prefix
    raise NoReverseMatch(msg)
django.urls.exceptions.NoReverseMatch: Reverse for '' not found. '' is not a valid view function or pattern name.
ERROR 2026-01-06 02:49:58,016 log "GET /projects/dashboard/ HTTP/1.1" 500 184724
ERROR 2026-01-06 03:00:05,767 log Internal Server Error: /projects/20576020-8959-4e2c-979c-7a69299c76c4/blueprint/
Traceback (most recent call last):
  File "C:\Users\Lenovo\Desktop\DjangoProjects\Apprompty\venv\Lib\site-packages\django\core\handlers\exception.py", line 55, in inner
    response = get_response(request)
  File "C:\Users\Lenovo\Desktop\DjangoProjects\Apprompty\venv\Lib\site-packages\django\core\handlers\base.py", line 198, in _get_response
    response = wrapped_callback(request, *callback_args, **callback_kwargs)
  File "C:\Users\Lenovo\Desktop\DjangoProjects\Apprompty\venv\Lib\site-packages\django\contrib\auth\decorators.py", line 59, in _view_wrapper
    return view_func(request, *args, **kwargs)
  File "C:\Users\Lenovo\Desktop\DjangoProjects\Apprompty\projects\views.py", line 199, in project_blueprint
    return render(request, 'projects/blueprint.html', {'project': project, 'bp': project.blueprint_data})
  File "C:\Users\Lenovo\Desktop\DjangoProjects\Apprompty\venv\Lib\site-packages\django\shortcuts.py", line 25, in render
    content = loader.render_to_string(template_name, context, request, using=using)
  File "C:\Users\Lenovo\Desktop\DjangoProjects\Apprompty\venv\Lib\site-packages\django\template\loader.py", line 61, in render_to_string
    template = get_template(template_name, using=using)
  File "C:\Users\Lenovo\Desktop\DjangoProjects\Apprompty\venv\Lib\site-packages\django\template\loader.py", line 19, in get_template
    raise TemplateDoesNotExist(template_name, chain=chain)
django.template.exceptions.TemplateDoesNotExist: projects/blueprint.html
ERROR 2026-01-06 03:00:06,067 log "GET /projects/20576020-8959-4e2c-979c-7a69299c76c4/blueprint/ HTTP/1.1" 500 93610
ERROR 2026-01-06 04:54:09,925 log Internal Server Error: /projects/fdf8596f-0813-437a-99d0-14a7fda8bc3f/get_task_help/
Traceback (most recent call last):
  File "C:\Users\Lenovo\Desktop\DjangoProjects\Apprompty\venv\Lib\site-packages\django\core\handlers\exception.py", line 55, in inner
    response = get_response(request)
  File "C:\Users\Lenovo\Desktop\DjangoProjects\Apprompty\venv\Lib\site-packages\django\core\handlers\base.py", line 198, in _get_response
    response = wrapped_callback(request, *callback_args, **callback_kwargs)
  File "C:\Users\Lenovo\Desktop\DjangoProjects\Apprompty\venv\Lib\site-packages\django\contrib\auth\decorators.py", line 59, in _view_wrapper
    return view_func(request, *args, **kwargs)
  File "C:\Users\Lenovo\Desktop\DjangoProjects\Apprompty\venv\Lib\site-packages\django\views\decorators\http.py", line 64, in inner
    return func(request, *args, **kwargs)
  File "C:\Users\Lenovo\Desktop\DjangoProjects\Apprompty\projects\views.py", line 257, in get_task_help
    data = json.loads(request.body)
           ^^^^
NameError: name 'json' is not defined. Did you forget to import 'json'?
ERROR 2026-01-06 04:54:09,978 log "POST /projects/fdf8596f-0813-437a-99d0-14a7fda8bc3f/get_task_help/ HTTP/1.1" 500 80940
ERROR 2026-01-06 04:54:13,850 log Internal Server Error: /projects/fdf8596f-0813-437a-99d0-14a7fda8bc3f/get_task_help/
Traceback (most recent call last):
  File "C:\Users\Lenovo\Desktop\DjangoProjects\Apprompty\venv\Lib\site-packages\django\core\handlers\exception.py", line 55, in inner
    response = get_response(request)
  File "C:\Users\Lenovo\Desktop\DjangoProjects\Apprompty\venv\Lib\site-packages\django\core\handlers\base.py", line 198, in _get_response
    response = wrapped_callback(request, *callback_args, **callback_kwargs)
  File "C:\Users\Lenovo\Desktop\DjangoProjects\Apprompty\venv\Lib\site-packages\django\contrib\auth\decorators.py", line 59, in _view_wrapper
    return view_func(request, *args, **kwargs)
  File "C:\Users\Lenovo\Desktop\DjangoProjects\Apprompty\venv\Lib\site-packages\django\views\decorators\http.py", line 64, in inner
    return func(request, *args, **kwargs)
  File "C:\Users\Lenovo\Desktop\DjangoProjects\Apprompty\projects\views.py", line 257, in get_task_help
    data = json.loads(request.body)
           ^^^^
NameError: name 'json' is not defined. Did you forget to import 'json'?
ERROR 2026-01-06 04:54:13,862 log "POST /projects/fdf8596f-0813-437a-99d0-14a7fda8bc3f/get_task_help/ HTTP/1.1" 500 80940
ERROR 2026-01-06 04:54:18,974 log Internal Server Error: /projects/fdf8596f-0813-437a-99d0-14a7fda8bc3f/get_task_help/
Traceback (most recent call last):
  File "C:\Users\Lenovo\Desktop\DjangoProjects\Apprompty\venv\Lib\site-packages\django\core\handlers\exception.py", line 55, in inner
    response = get_response(request)
  File "C:\Users\Lenovo\Desktop\DjangoProjects\Apprompty\venv\Lib\site-packages\django\core\handlers\base.py", line 198, in _get_response
    response = wrapped_callback(request, *callback_args, **callback_kwargs)
  File "C:\Users\Lenovo\Desktop\DjangoProjects\Apprompty\venv\Lib\site-packages\django\contrib\auth\decorators.py", line 59, in _view_wrapper
    return view_func(request, *args, **kwargs)
  File "C:\Users\Lenovo\Desktop\DjangoProjects\Apprompty\venv\Lib\site-packages\django\views\decorators\http.py", line 64, in inner
    return func(request, *args, **kwargs)
  File "C:\Users\Lenovo\Desktop\DjangoProjects\Apprompty\projects\views.py", line 257, in get_task_help
    data = json.loads(request.body)
           ^^^^
NameError: name 'json' is not defined. Did you forget to import 'json'?
ERROR 2026-01-06 04:54:18,981 log "POST /projects/fdf8596f-0813-437a-99d0-14a7fda8bc3f/get_task_help/ HTTP/1.1" 500 80940
ERROR 2026-01-06 04:54:26,395 log Internal Server Error: /projects/fdf8596f-0813-437a-99d0-14a7fda8bc3f/get_task_help/
Traceback (most recent call last):
  File "C:\Users\Lenovo\Desktop\DjangoProjects\Apprompty\venv\Lib\site-packages\django\core\handlers\exception.py", line 55, in inner
    response = get_response(request)
  File "C:\Users\Lenovo\Desktop\DjangoProjects\Apprompty\venv\Lib\site-packages\django\core\handlers\base.py", line 198, in _get_response
    response = wrapped_callback(request, *callback_args, **callback_kwargs)
  File "C:\Users\Lenovo\Desktop\DjangoProjects\Apprompty\venv\Lib\site-packages\django\contrib\auth\decorators.py", line 59, in _view_wrapper
    return view_func(request, *args, **kwargs)
  File "C:\Users\Lenovo\Desktop\DjangoProjects\Apprompty\venv\Lib\site-packages\django\views\decorators\http.py", line 64, in inner
    return func(request, *args, **kwargs)
  File "C:\Users\Lenovo\Desktop\DjangoProjects\Apprompty\projects\views.py", line 257, in get_task_help
    data = json.loads(request.body)
           ^^^^
NameError: name 'json' is not defined. Did you forget to import 'json'?
ERROR 2026-01-06 04:54:26,411 log "POST /projects/fdf8596f-0813-437a-99d0-14a7fda8bc3f/get_task_help/ HTTP/1.1" 500 80940
ERROR 2026-01-06 04:54:27,755 log Internal Server Error: /projects/fdf8596f-0813-437a-99d0-14a7fda8bc3f/get_task_help/
Traceback (most recent call last):
  File "C:\Users\Lenovo\Desktop\DjangoProjects\Apprompty\venv\Lib\site-packages\django\core\handlers\exception.py", line 55, in inner
    response = get_response(request)
  File "C:\Users\Lenovo\Desktop\DjangoProjects\Apprompty\venv\Lib\site-packages\django\core\handlers\base.py", line 198, in _get_response
    response = wrapped_callback(request, *callback_args, **callback_kwargs)
  File "C:\Users\Lenovo\Desktop\DjangoProjects\Apprompty\venv\Lib\site-packages\django\contrib\auth\decorators.py", line 59, in _view_wrapper
    return view_func(request, *args, **kwargs)
  File "C:\Users\Lenovo\Desktop\DjangoProjects\Apprompty\venv\Lib\site-packages\django\views\decorators\http.py", line 64, in inner
    return func(request, *args, **kwargs)
  File "C:\Users\Lenovo\Desktop\DjangoProjects\Apprompty\projects\views.py", line 257, in get_task_help
    data = json.loads(request.body)
           ^^^^
NameError: name 'json' is not defined. Did you forget to import 'json'?
ERROR 2026-01-06 04:54:27,797 log "POST /projects/fdf8596f-0813-437a-99d0-14a7fda8bc3f/get_task_help/ HTTP/1.1" 500 80940
ERROR 2026-01-06 04:54:28,736 log Internal Server Error: /projects/fdf8596f-0813-437a-99d0-14a7fda8bc3f/get_task_help/
Traceback (most recent call last):
  File "C:\Users\Lenovo\Desktop\DjangoProjects\Apprompty\venv\Lib\site-packages\django\core\handlers\exception.py", line 55, in inner
    response = get_response(request)
  File "C:\Users\Lenovo\Desktop\DjangoProjects\Apprompty\venv\Lib\site-packages\django\core\handlers\base.py", line 198, in _get_response
    response = wrapped_callback(request, *callback_args, **callback_kwargs)
  File "C:\Users\Lenovo\Desktop\DjangoProjects\Apprompty\venv\Lib\site-packages\django\contrib\auth\decorators.py", line 59, in _view_wrapper
    return view_func(request, *args, **kwargs)
  File "C:\Users\Lenovo\Desktop\DjangoProjects\Apprompty\venv\Lib\site-packages\django\views\decorators\http.py", line 64, in inner
    return func(request, *args, **kwargs)
  File "C:\Users\Lenovo\Desktop\DjangoProjects\Apprompty\projects\views.py", line 257, in get_task_help
    data = json.loads(request.body)
           ^^^^
NameError: name 'json' is not defined. Did you forget to import 'json'?
ERROR 2026-01-06 04:54:28,743 log "POST /projects/fdf8596f-0813-437a-99d0-14a7fda8bc3f/get_task_help/ HTTP/1.1" 500 80940
ERROR 2026-01-06 04:54:30,324 log Internal Server Error: /projects/fdf8596f-0813-437a-99d0-14a7fda8bc3f/get_task_help/
Traceback (most recent call last):
  File "C:\Users\Lenovo\Desktop\DjangoProjects\Apprompty\venv\Lib\site-packages\django\core\handlers\exception.py", line 55, in inner
    response = get_response(request)
  File "C:\Users\Lenovo\Desktop\DjangoProjects\Apprompty\venv\Lib\site-packages\django\core\handlers\base.py", line 198, in _get_response
    response = wrapped_callback(request, *callback_args, **callback_kwargs)
  File "C:\Users\Lenovo\Desktop\DjangoProjects\Apprompty\venv\Lib\site-packages\django\contrib\auth\decorators.py", line 59, in _view_wrapper
    return view_func(request, *args, **kwargs)
  File "C:\Users\Lenovo\Desktop\DjangoProjects\Apprompty\venv\Lib\site-packages\django\views\decorators\http.py", line 64, in inner
    return func(request, *args, **kwargs)
  File "C:\Users\Lenovo\Desktop\DjangoProjects\Apprompty\projects\views.py", line 257, in get_task_help
    data = json.loads(request.body)
           ^^^^
NameError: name 'json' is not defined. Did you forget to import 'json'?
ERROR 2026-01-06 04:54:30,330 log "POST /projects/fdf8596f-0813-437a-99d0-14a7fda8bc3f/get_task_help/ HTTP/1.1" 500 80940
ERROR 2026-01-06 04:54:54,685 log Internal Server Error: /projects/fdf8596f-0813-437a-99d0-14a7fda8bc3f/get_task_help/
Traceback (most recent call last):
  File "C:\Users\Lenovo\Desktop\DjangoProjects\Apprompty\venv\Lib\site-packages\django\core\handlers\exception.py", line 55, in inner
    response = get_response(request)
  File "C:\Users\Lenovo\Desktop\DjangoProjects\Apprompty\venv\Lib\site-packages\django\core\handlers\base.py", line 198, in _get_response
    response = wrapped_callback(request, *callback_args, **callback_kwargs)
  File "C:\Users\Lenovo\Desktop\DjangoProjects\Apprompty\venv\Lib\site-packages\django\contrib\auth\decorators.py", line 59, in _view_wrapper
    return view_func(request, *args, **kwargs)
  File "C:\Users\Lenovo\Desktop\DjangoProjects\Apprompty\venv\Lib\site-packages\django\views\decorators\http.py", line 64, in inner
    return func(request, *args, **kwargs)
  File "C:\Users\Lenovo\Desktop\DjangoProjects\Apprompty\projects\views.py", line 257, in get_task_help
    data = json.loads(request.body)
           ^^^^
NameError: name 'json' is not defined. Did you forget to import 'json'?
ERROR 2026-01-06 04:54:54,699 log "POST /projects/fdf8596f-0813-437a-99d0-14a7fda8bc3f/get_task_help/ HTTP/1.1" 500 80940
ERROR 2026-01-06 04:54:58,784 log Internal Server Error: /projects/fdf8596f-0813-437a-99d0-14a7fda8bc3f/get_task_help/
Traceback (most recent call last):
  File "C:\Users\Lenovo\Desktop\DjangoProjects\Apprompty\venv\Lib\site-packages\django\core\handlers\exception.py", line 55, in inner
    response = get_response(request)
  File "C:\Users\Lenovo\Desktop\DjangoProjects\Apprompty\venv\Lib\site-packages\django\core\handlers\base.py", line 198, in _get_response
    response = wrapped_callback(request, *callback_args, **callback_kwargs)
  File "C:\Users\Lenovo\Desktop\DjangoProjects\Apprompty\venv\Lib\site-packages\django\contrib\auth\decorators.py", line 59, in _view_wrapper
    return view_func(request, *args, **kwargs)
  File "C:\Users\Lenovo\Desktop\DjangoProjects\Apprompty\venv\Lib\site-packages\django\views\decorators\http.py", line 64, in inner
    return func(request, *args, **kwargs)
  File "C:\Users\Lenovo\Desktop\DjangoProjects\Apprompty\projects\views.py", line 257, in get_task_help
    data = json.loads(request.body)
           ^^^^
NameError: name 'json' is not defined. Did you forget to import 'json'?
ERROR 2026-01-06 04:54:58,798 log "POST /projects/fdf8596f-0813-437a-99d0-14a7fda8bc3f/get_task_help/ HTTP/1.1" 500 80940
ERROR 2026-01-06 04:54:59,747 log Internal Server Error: /projects/fdf8596f-0813-437a-99d0-14a7fda8bc3f/get_task_help/
Traceback (most recent call last):
  File "C:\Users\Lenovo\Desktop\DjangoProjects\Apprompty\venv\Lib\site-packages\django\core\handlers\exception.py", line 55, in inner
    response = get_response(request)
  File "C:\Users\Lenovo\Desktop\DjangoProjects\Apprompty\venv\Lib\site-packages\django\core\handlers\base.py", line 198, in _get_response
    response = wrapped_callback(request, *callback_args, **callback_kwargs)
  File "C:\Users\Lenovo\Desktop\DjangoProjects\Apprompty\venv\Lib\site-packages\django\contrib\auth\decorators.py", line 59, in _view_wrapper
    return view_func(request, *args, **kwargs)
  File "C:\Users\Lenovo\Desktop\DjangoProjects\Apprompty\venv\Lib\site-packages\django\views\decorators\http.py", line 64, in inner
    return func(request, *args, **kwargs)
  File "C:\Users\Lenovo\Desktop\DjangoProjects\Apprompty\projects\views.py", line 257, in get_task_help
    data = json.loads(request.body)
           ^^^^
NameError: name 'json' is not defined. Did you forget to import 'json'?
ERROR 2026-01-06 04:54:59,755 log "POST /projects/fdf8596f-0813-437a-99d0-14a7fda8bc3f/get_task_help/ HTTP/1.1" 500 80940
ERROR 2026-01-06 04:55:01,471 log Internal Server Error: /projects/fdf8596f-0813-437a-99d0-14a7fda8bc3f/get_task_help/
Traceback (most recent call last):
  File "C:\Users\Lenovo\Desktop\DjangoProjects\Apprompty\venv\Lib\site-packages\django\core\handlers\exception.py", line 55, in inner
    response = get_response(request)
  File "C:\Users\Lenovo\Desktop\DjangoProjects\Apprompty\venv\Lib\site-packages\django\core\handlers\base.py", line 198, in _get_response
    response = wrapped_callback(request, *callback_args, **callback_kwargs)
  File "C:\Users\Lenovo\Desktop\DjangoProjects\Apprompty\venv\Lib\site-packages\django\contrib\auth\decorators.py", line 59, in _view_wrapper
    return view_func(request, *args, **kwargs)
  File "C:\Users\Lenovo\Desktop\DjangoProjects\Apprompty\venv\Lib\site-packages\django\views\decorators\http.py", line 64, in inner
    return func(request, *args, **kwargs)
  File "C:\Users\Lenovo\Desktop\DjangoProjects\Apprompty\projects\views.py", line 257, in get_task_help
    data = json.loads(request.body)
           ^^^^
NameError: name 'json' is not defined. Did you forget to import 'json'?
ERROR 2026-01-06 04:55:01,479 log "POST /projects/fdf8596f-0813-437a-99d0-14a7fda8bc3f/get_task_help/ HTTP/1.1" 500 80940
ERROR 2026-01-06 04:55:09,967 log Internal Server Error: /projects/fdf8596f-0813-437a-99d0-14a7fda8bc3f/get_task_help/
Traceback (most recent call last):
  File "C:\Users\Lenovo\Desktop\DjangoProjects\Apprompty\venv\Lib\site-packages\django\core\handlers\exception.py", line 55, in inner
    response = get_response(request)
  File "C:\Users\Lenovo\Desktop\DjangoProjects\Apprompty\venv\Lib\site-packages\django\core\handlers\base.py", line 198, in _get_response
    response = wrapped_callback(request, *callback_args, **callback_kwargs)
  File "C:\Users\Lenovo\Desktop\DjangoProjects\Apprompty\venv\Lib\site-packages\django\contrib\auth\decorators.py", line 59, in _view_wrapper
    return view_func(request, *args, **kwargs)
  File "C:\Users\Lenovo\Desktop\DjangoProjects\Apprompty\venv\Lib\site-packages\django\views\decorators\http.py", line 64, in inner
    return func(request, *args, **kwargs)
  File "C:\Users\Lenovo\Desktop\DjangoProjects\Apprompty\projects\views.py", line 257, in get_task_help
    data = json.loads(request.body)
           ^^^^
NameError: name 'json' is not defined. Did you forget to import 'json'?
ERROR 2026-01-06 04:55:10,181 log "POST /projects/fdf8596f-0813-437a-99d0-14a7fda8bc3f/get_task_help/ HTTP/1.1" 500 80940
ERROR 2026-01-06 05:13:17,742 log Internal Server Error: /projects/4c99650e-a4cd-4314-b0bf-fe7d2f9fd518/get_task_help/
Traceback (most recent call last):
  File "C:\Users\Lenovo\Desktop\DjangoProjects\Apprompty\venv\Lib\site-packages\django\core\handlers\exception.py", line 55, in inner
    response = get_response(request)
  File "C:\Users\Lenovo\Desktop\DjangoProjects\Apprompty\venv\Lib\site-packages\django\core\handlers\base.py", line 198, in _get_response
    response = wrapped_callback(request, *callback_args, **callback_kwargs)
  File "C:\Users\Lenovo\Desktop\DjangoProjects\Apprompty\venv\Lib\site-packages\django\contrib\auth\decorators.py", line 59, in _view_wrapper
    return view_func(request, *args, **kwargs)
  File "C:\Users\Lenovo\Desktop\DjangoProjects\Apprompty\venv\Lib\site-packages\django\views\decorators\http.py", line 64, in inner
    return func(request, *args, **kwargs)
  File "C:\Users\Lenovo\Desktop\DjangoProjects\Apprompty\projects\views.py", line 257, in get_task_help
    data = json.loads(request.body)
           ^^^^
NameError: name 'json' is not defined. Did you forget to import 'json'?
ERROR 2026-01-06 05:13:17,780 log "POST /projects/4c99650e-a4cd-4314-b0bf-fe7d2f9fd518/get_task_help/ HTTP/1.1" 500 80946
ERROR 2026-01-06 05:13:19,474 log Internal Server Error: /projects/4c99650e-a4cd-4314-b0bf-fe7d2f9fd518/get_task_help/
Traceback (most recent call last):
  File "C:\Users\Lenovo\Desktop\DjangoProjects\Apprompty\venv\Lib\site-packages\django\core\handlers\exception.py", line 55, in inner
    response = get_response(request)
  File "C:\Users\Lenovo\Desktop\DjangoProjects\Apprompty\venv\Lib\site-packages\django\core\handlers\base.py", line 198, in _get_response
    response = wrapped_callback(request, *callback_args, **callback_kwargs)
  File "C:\Users\Lenovo\Desktop\DjangoProjects\Apprompty\venv\Lib\site-packages\django\contrib\auth\decorators.py", line 59, in _view_wrapper
    return view_func(request, *args, **kwargs)
  File "C:\Users\Lenovo\Desktop\DjangoProjects\Apprompty\venv\Lib\site-packages\django\views\decorators\http.py", line 64, in inner
    return func(request, *args, **kwargs)
  File "C:\Users\Lenovo\Desktop\DjangoProjects\Apprompty\projects\views.py", line 257, in get_task_help
    data = json.loads(request.body)
           ^^^^
NameError: name 'json' is not defined. Did you forget to import 'json'?
ERROR 2026-01-06 05:13:19,497 log "POST /projects/4c99650e-a4cd-4314-b0bf-fe7d2f9fd518/get_task_help/ HTTP/1.1" 500 80946
ERROR 2026-01-06 05:25:12,940 log Internal Server Error: /projects/4c99650e-a4cd-4314-b0bf-fe7d2f9fd518/blueprint/
Traceback (most recent call last):
  File "C:\Users\Lenovo\Desktop\DjangoProjects\Apprompty\venv\Lib\site-packages\django\core\handlers\exception.py", line 55, in inner
    response = get_response(request)
  File "C:\Users\Lenovo\Desktop\DjangoProjects\Apprompty\venv\Lib\site-packages\django\core\handlers\base.py", line 198, in _get_response
    response = wrapped_callback(request, *callback_args, **callback_kwargs)
  File "C:\Users\Lenovo\Desktop\DjangoProjects\Apprompty\venv\Lib\site-packages\django\contrib\auth\decorators.py", line 59, in _view_wrapper
    return view_func(request, *args, **kwargs)
  File "C:\Users\Lenovo\Desktop\DjangoProjects\Apprompty\projects\views.py", line 220, in project_blueprint
    return render(request, 'projects/blueprint.html', {'project': project, 'bp': project.blueprint_data})
  File "C:\Users\Lenovo\Desktop\DjangoProjects\Apprompty\venv\Lib\site-packages\django\shortcuts.py", line 25, in render
    content = loader.render_to_string(template_name, context, request, using=using)
  File "C:\Users\Lenovo\Desktop\DjangoProjects\Apprompty\venv\Lib\site-packages\django\template\loader.py", line 62, in render_to_string
    return template.render(context, request)
           ~~~~~~~~~~~~~~~^^^^^^^^^^^^^^^^^^
  File "C:\Users\Lenovo\Desktop\DjangoProjects\Apprompty\venv\Lib\site-packages\django\template\backends\django.py", line 107, in render
    return self.template.render(context)
           ~~~~~~~~~~~~~~~~~~~~^^^^^^^^^
  File "C:\Users\Lenovo\Desktop\DjangoProjects\Apprompty\venv\Lib\site-packages\django\template\base.py", line 174, in render
    return self._render(context)
           ~~~~~~~~~~~~^^^^^^^^^
  File "C:\Users\Lenovo\Desktop\DjangoProjects\Apprompty\venv\Lib\site-packages\django\template\base.py", line 166, in _render
    return self.nodelist.render(context)
           ~~~~~~~~~~~~~~~~~~~~^^^^^^^^^
  File "C:\Users\Lenovo\Desktop\DjangoProjects\Apprompty\venv\Lib\site-packages\django\template\base.py", line 1091, in render
    return SafeString("".join([node.render_annotated(context) for node in self]))
                               ~~~~~~~~~~~~~~~~~~~~~^^^^^^^^^
  File "C:\Users\Lenovo\Desktop\DjangoProjects\Apprompty\venv\Lib\site-packages\django\template\base.py", line 1052, in render_annotated
    return self.render(context)
           ~~~~~~~~~~~^^^^^^^^^
  File "C:\Users\Lenovo\Desktop\DjangoProjects\Apprompty\venv\Lib\site-packages\django\template\loader_tags.py", line 160, in render
    return compiled_parent._render(context)
           ~~~~~~~~~~~~~~~~~~~~~~~^^^^^^^^^
  File "C:\Users\Lenovo\Desktop\DjangoProjects\Apprompty\venv\Lib\site-packages\django\template\base.py", line 166, in _render
    return self.nodelist.render(context)
           ~~~~~~~~~~~~~~~~~~~~^^^^^^^^^
  File "C:\Users\Lenovo\Desktop\DjangoProjects\Apprompty\venv\Lib\site-packages\django\template\base.py", line 1091, in render
    return SafeString("".join([node.render_annotated(context) for node in self]))
                               ~~~~~~~~~~~~~~~~~~~~~^^^^^^^^^
  File "C:\Users\Lenovo\Desktop\DjangoProjects\Apprompty\venv\Lib\site-packages\django\template\base.py", line 1052, in render_annotated
    return self.render(context)
           ~~~~~~~~~~~^^^^^^^^^
  File "C:\Users\Lenovo\Desktop\DjangoProjects\Apprompty\venv\Lib\site-packages\django\template\loader_tags.py", line 66, in render
    result = block.nodelist.render(context)
  File "C:\Users\Lenovo\Desktop\DjangoProjects\Apprompty\venv\Lib\site-packages\django\template\base.py", line 1091, in render
    return SafeString("".join([node.render_annotated(context) for node in self]))
                               ~~~~~~~~~~~~~~~~~~~~~^^^^^^^^^
  File "C:\Users\Lenovo\Desktop\DjangoProjects\Apprompty\venv\Lib\site-packages\django\template\base.py", line 1052, in render_annotated
    return self.render(context)
           ~~~~~~~~~~~^^^^^^^^^
  File "C:\Users\Lenovo\Desktop\DjangoProjects\Apprompty\venv\Lib\site-packages\django\template\defaulttags.py", line 511, in render
    url = reverse(view_name, args=args, kwargs=kwargs, current_app=current_app)
  File "C:\Users\Lenovo\Desktop\DjangoProjects\Apprompty\venv\Lib\site-packages\django\urls\base.py", line 98, in reverse
    resolved_url = resolver._reverse_with_prefix(view, prefix, *args, **kwargs)
  File "C:\Users\Lenovo\Desktop\DjangoProjects\Apprompty\venv\Lib\site-packages\django\urls\resolvers.py", line 842, in _reverse_with_prefix
    raise NoReverseMatch(msg)
django.urls.exceptions.NoReverseMatch: Reverse for 'project_implementation' not found. 'project_implementation' is not a valid view function or pattern name.
ERROR 2026-01-06 05:25:13,130 log "GET /projects/4c99650e-a4cd-4314-b0bf-fe7d2f9fd518/blueprint/ HTTP/1.1" 500 189992
ERROR 2026-01-06 05:25:22,602 log Internal Server Error: /projects/4c99650e-a4cd-4314-b0bf-fe7d2f9fd518/
Traceback (most recent call last):
  File "C:\Users\Lenovo\Desktop\DjangoProjects\Apprompty\venv\Lib\site-packages\django\core\handlers\exception.py", line 55, in inner
    response = get_response(request)
  File "C:\Users\Lenovo\Desktop\DjangoProjects\Apprompty\venv\Lib\site-packages\django\core\handlers\base.py", line 198, in _get_response
    response = wrapped_callback(request, *callback_args, **callback_kwargs)
  File "C:\Users\Lenovo\Desktop\DjangoProjects\Apprompty\venv\Lib\site-packages\django\contrib\auth\decorators.py", line 59, in _view_wrapper
    return view_func(request, *args, **kwargs)
  File "C:\Users\Lenovo\Desktop\DjangoProjects\Apprompty\projects\views.py", line 98, in project_detail
    return render(request, 'projects/detail.html', {'project': project, 'action': action})
  File "C:\Users\Lenovo\Desktop\DjangoProjects\Apprompty\venv\Lib\site-packages\django\shortcuts.py", line 25, in render
    content = loader.render_to_string(template_name, context, request, using=using)
  File "C:\Users\Lenovo\Desktop\DjangoProjects\Apprompty\venv\Lib\site-packages\django\template\loader.py", line 62, in render_to_string
    return template.render(context, request)
           ~~~~~~~~~~~~~~~^^^^^^^^^^^^^^^^^^
  File "C:\Users\Lenovo\Desktop\DjangoProjects\Apprompty\venv\Lib\site-packages\django\template\backends\django.py", line 107, in render
    return self.template.render(context)
           ~~~~~~~~~~~~~~~~~~~~^^^^^^^^^
  File "C:\Users\Lenovo\Desktop\DjangoProjects\Apprompty\venv\Lib\site-packages\django\template\base.py", line 174, in render
    return self._render(context)
           ~~~~~~~~~~~~^^^^^^^^^
  File "C:\Users\Lenovo\Desktop\DjangoProjects\Apprompty\venv\Lib\site-packages\django\template\base.py", line 166, in _render
    return self.nodelist.render(context)
           ~~~~~~~~~~~~~~~~~~~~^^^^^^^^^
  File "C:\Users\Lenovo\Desktop\DjangoProjects\Apprompty\venv\Lib\site-packages\django\template\base.py", line 1091, in render
    return SafeString("".join([node.render_annotated(context) for node in self]))
                               ~~~~~~~~~~~~~~~~~~~~~^^^^^^^^^
  File "C:\Users\Lenovo\Desktop\DjangoProjects\Apprompty\venv\Lib\site-packages\django\template\base.py", line 1052, in render_annotated
    return self.render(context)
           ~~~~~~~~~~~^^^^^^^^^
  File "C:\Users\Lenovo\Desktop\DjangoProjects\Apprompty\venv\Lib\site-packages\django\template\loader_tags.py", line 160, in render
    return compiled_parent._render(context)
           ~~~~~~~~~~~~~~~~~~~~~~~^^^^^^^^^
  File "C:\Users\Lenovo\Desktop\DjangoProjects\Apprompty\venv\Lib\site-packages\django\template\base.py", line 166, in _render
    return self.nodelist.render(context)
           ~~~~~~~~~~~~~~~~~~~~^^^^^^^^^
  File "C:\Users\Lenovo\Desktop\DjangoProjects\Apprompty\venv\Lib\site-packages\django\template\base.py", line 1091, in render
    return SafeString("".join([node.render_annotated(context) for node in self]))
                               ~~~~~~~~~~~~~~~~~~~~~^^^^^^^^^
  File "C:\Users\Lenovo\Desktop\DjangoProjects\Apprompty\venv\Lib\site-packages\django\template\base.py", line 1052, in render_annotated
    return self.render(context)
           ~~~~~~~~~~~^^^^^^^^^
  File "C:\Users\Lenovo\Desktop\DjangoProjects\Apprompty\venv\Lib\site-packages\django\template\loader_tags.py", line 66, in render
    result = block.nodelist.render(context)
  File "C:\Users\Lenovo\Desktop\DjangoProjects\Apprompty\venv\Lib\site-packages\django\template\base.py", line 1091, in render
    return SafeString("".join([node.render_annotated(context) for node in self]))
                               ~~~~~~~~~~~~~~~~~~~~~^^^^^^^^^
  File "C:\Users\Lenovo\Desktop\DjangoProjects\Apprompty\venv\Lib\site-packages\django\template\base.py", line 1052, in render_annotated
    return self.render(context)
           ~~~~~~~~~~~^^^^^^^^^
  File "C:\Users\Lenovo\Desktop\DjangoProjects\Apprompty\venv\Lib\site-packages\django\template\defaulttags.py", line 333, in render
    return nodelist.render(context)
           ~~~~~~~~~~~~~~~^^^^^^^^^
  File "C:\Users\Lenovo\Desktop\DjangoProjects\Apprompty\venv\Lib\site-packages\django\template\base.py", line 1091, in render
    return SafeString("".join([node.render_annotated(context) for node in self]))
                               ~~~~~~~~~~~~~~~~~~~~~^^^^^^^^^
  File "C:\Users\Lenovo\Desktop\DjangoProjects\Apprompty\venv\Lib\site-packages\django\template\base.py", line 1052, in render_annotated
    return self.render(context)
           ~~~~~~~~~~~^^^^^^^^^
  File "C:\Users\Lenovo\Desktop\DjangoProjects\Apprompty\venv\Lib\site-packages\django\template\defaulttags.py", line 511, in render
    url = reverse(view_name, args=args, kwargs=kwargs, current_app=current_app)
  File "C:\Users\Lenovo\Desktop\DjangoProjects\Apprompty\venv\Lib\site-packages\django\urls\base.py", line 98, in reverse
    resolved_url = resolver._reverse_with_prefix(view, prefix, *args, **kwargs)
  File "C:\Users\Lenovo\Desktop\DjangoProjects\Apprompty\venv\Lib\site-packages\django\urls\resolvers.py", line 842, in _reverse_with_prefix
    raise NoReverseMatch(msg)
django.urls.exceptions.NoReverseMatch: Reverse for 'project_implementation' not found. 'project_implementation' is not a valid view function or pattern name.
ERROR 2026-01-06 05:25:22,649 log "GET /projects/4c99650e-a4cd-4314-b0bf-fe7d2f9fd518/ HTTP/1.1" 500 181113
ERROR 2026-01-06 05:25:54,624 log Internal Server Error: /projects/4c99650e-a4cd-4314-b0bf-fe7d2f9fd518/
Traceback (most recent call last):
  File "C:\Users\Lenovo\Desktop\DjangoProjects\Apprompty\venv\Lib\site-packages\django\core\handlers\exception.py", line 55, in inner
    response = get_response(request)
  File "C:\Users\Lenovo\Desktop\DjangoProjects\Apprompty\venv\Lib\site-packages\django\core\handlers\base.py", line 198, in _get_response
    response = wrapped_callback(request, *callback_args, **callback_kwargs)
  File "C:\Users\Lenovo\Desktop\DjangoProjects\Apprompty\venv\Lib\site-packages\django\contrib\auth\decorators.py", line 59, in _view_wrapper
    return view_func(request, *args, **kwargs)
  File "C:\Users\Lenovo\Desktop\DjangoProjects\Apprompty\projects\views.py", line 98, in project_detail
    return render(request, 'projects/detail.html', {'project': project, 'action': action})
  File "C:\Users\Lenovo\Desktop\DjangoProjects\Apprompty\venv\Lib\site-packages\django\shortcuts.py", line 25, in render
    content = loader.render_to_string(template_name, context, request, using=using)
  File "C:\Users\Lenovo\Desktop\DjangoProjects\Apprompty\venv\Lib\site-packages\django\template\loader.py", line 62, in render_to_string
    return template.render(context, request)
           ~~~~~~~~~~~~~~~^^^^^^^^^^^^^^^^^^
  File "C:\Users\Lenovo\Desktop\DjangoProjects\Apprompty\venv\Lib\site-packages\django\template\backends\django.py", line 107, in render
    return self.template.render(context)
           ~~~~~~~~~~~~~~~~~~~~^^^^^^^^^
  File "C:\Users\Lenovo\Desktop\DjangoProjects\Apprompty\venv\Lib\site-packages\django\template\base.py", line 174, in render
    return self._render(context)
           ~~~~~~~~~~~~^^^^^^^^^
  File "C:\Users\Lenovo\Desktop\DjangoProjects\Apprompty\venv\Lib\site-packages\django\template\base.py", line 166, in _render
    return self.nodelist.render(context)
           ~~~~~~~~~~~~~~~~~~~~^^^^^^^^^
  File "C:\Users\Lenovo\Desktop\DjangoProjects\Apprompty\venv\Lib\site-packages\django\template\base.py", line 1091, in render
    return SafeString("".join([node.render_annotated(context) for node in self]))
                               ~~~~~~~~~~~~~~~~~~~~~^^^^^^^^^
  File "C:\Users\Lenovo\Desktop\DjangoProjects\Apprompty\venv\Lib\site-packages\django\template\base.py", line 1052, in render_annotated
    return self.render(context)
           ~~~~~~~~~~~^^^^^^^^^
  File "C:\Users\Lenovo\Desktop\DjangoProjects\Apprompty\venv\Lib\site-packages\django\template\loader_tags.py", line 160, in render
    return compiled_parent._render(context)
           ~~~~~~~~~~~~~~~~~~~~~~~^^^^^^^^^
  File "C:\Users\Lenovo\Desktop\DjangoProjects\Apprompty\venv\Lib\site-packages\django\template\base.py", line 166, in _render
    return self.nodelist.render(context)
           ~~~~~~~~~~~~~~~~~~~~^^^^^^^^^
  File "C:\Users\Lenovo\Desktop\DjangoProjects\Apprompty\venv\Lib\site-packages\django\template\base.py", line 1091, in render
    return SafeString("".join([node.render_annotated(context) for node in self]))
                               ~~~~~~~~~~~~~~~~~~~~~^^^^^^^^^
  File "C:\Users\Lenovo\Desktop\DjangoProjects\Apprompty\venv\Lib\site-packages\django\template\base.py", line 1052, in render_annotated
    return self.render(context)
           ~~~~~~~~~~~^^^^^^^^^
  File "C:\Users\Lenovo\Desktop\DjangoProjects\Apprompty\venv\Lib\site-packages\django\template\loader_tags.py", line 66, in render
    result = block.nodelist.render(context)
  File "C:\Users\Lenovo\Desktop\DjangoProjects\Apprompty\venv\Lib\site-packages\django\template\base.py", line 1091, in render
    return SafeString("".join([node.render_annotated(context) for node in self]))
                               ~~~~~~~~~~~~~~~~~~~~~^^^^^^^^^
  File "C:\Users\Lenovo\Desktop\DjangoProjects\Apprompty\venv\Lib\site-packages\django\template\base.py", line 1052, in render_annotated
    return self.render(context)
           ~~~~~~~~~~~^^^^^^^^^
  File "C:\Users\Lenovo\Desktop\DjangoProjects\Apprompty\venv\Lib\site-packages\django\template\defaulttags.py", line 333, in render
    return nodelist.render(context)
           ~~~~~~~~~~~~~~~^^^^^^^^^
  File "C:\Users\Lenovo\Desktop\DjangoProjects\Apprompty\venv\Lib\site-packages\django\template\base.py", line 1091, in render
    return SafeString("".join([node.render_annotated(context) for node in self]))
                               ~~~~~~~~~~~~~~~~~~~~~^^^^^^^^^
  File "C:\Users\Lenovo\Desktop\DjangoProjects\Apprompty\venv\Lib\site-packages\django\template\base.py", line 1052, in render_annotated
    return self.render(context)
           ~~~~~~~~~~~^^^^^^^^^
  File "C:\Users\Lenovo\Desktop\DjangoProjects\Apprompty\venv\Lib\site-packages\django\template\defaulttags.py", line 511, in render
    url = reverse(view_name, args=args, kwargs=kwargs, current_app=current_app)
  File "C:\Users\Lenovo\Desktop\DjangoProjects\Apprompty\venv\Lib\site-packages\django\urls\base.py", line 98, in reverse
    resolved_url = resolver._reverse_with_prefix(view, prefix, *args, **kwargs)
  File "C:\Users\Lenovo\Desktop\DjangoProjects\Apprompty\venv\Lib\site-packages\django\urls\resolvers.py", line 842, in _reverse_with_prefix
    raise NoReverseMatch(msg)
django.urls.exceptions.NoReverseMatch: Reverse for 'docs' not found. 'docs' is not a valid view function or pattern name.
ERROR 2026-01-06 05:25:54,683 log "GET /projects/4c99650e-a4cd-4314-b0bf-fe7d2f9fd518/ HTTP/1.1" 500 180800
ERROR 2026-01-06 05:27:40,722 log Internal Server Error: /projects/4c99650e-a4cd-4314-b0bf-fe7d2f9fd518/blueprint/
Traceback (most recent call last):
  File "C:\Users\Lenovo\Desktop\DjangoProjects\Apprompty\venv\Lib\site-packages\django\core\handlers\exception.py", line 55, in inner
    response = get_response(request)
  File "C:\Users\Lenovo\Desktop\DjangoProjects\Apprompty\venv\Lib\site-packages\django\core\handlers\base.py", line 198, in _get_response
    response = wrapped_callback(request, *callback_args, **callback_kwargs)
  File "C:\Users\Lenovo\Desktop\DjangoProjects\Apprompty\venv\Lib\site-packages\django\contrib\auth\decorators.py", line 59, in _view_wrapper
    return view_func(request, *args, **kwargs)
  File "C:\Users\Lenovo\Desktop\DjangoProjects\Apprompty\projects\views.py", line 220, in project_blueprint
    return render(request, 'projects/blueprint.html', {'project': project, 'bp': project.blueprint_data})
  File "C:\Users\Lenovo\Desktop\DjangoProjects\Apprompty\venv\Lib\site-packages\django\shortcuts.py", line 25, in render
    content = loader.render_to_string(template_name, context, request, using=using)
  File "C:\Users\Lenovo\Desktop\DjangoProjects\Apprompty\venv\Lib\site-packages\django\template\loader.py", line 62, in render_to_string
    return template.render(context, request)
           ~~~~~~~~~~~~~~~^^^^^^^^^^^^^^^^^^
  File "C:\Users\Lenovo\Desktop\DjangoProjects\Apprompty\venv\Lib\site-packages\django\template\backends\django.py", line 107, in render
    return self.template.render(context)
           ~~~~~~~~~~~~~~~~~~~~^^^^^^^^^
  File "C:\Users\Lenovo\Desktop\DjangoProjects\Apprompty\venv\Lib\site-packages\django\template\base.py", line 174, in render
    return self._render(context)
           ~~~~~~~~~~~~^^^^^^^^^
  File "C:\Users\Lenovo\Desktop\DjangoProjects\Apprompty\venv\Lib\site-packages\django\template\base.py", line 166, in _render
    return self.nodelist.render(context)
           ~~~~~~~~~~~~~~~~~~~~^^^^^^^^^
  File "C:\Users\Lenovo\Desktop\DjangoProjects\Apprompty\venv\Lib\site-packages\django\template\base.py", line 1091, in render
    return SafeString("".join([node.render_annotated(context) for node in self]))
                               ~~~~~~~~~~~~~~~~~~~~~^^^^^^^^^
  File "C:\Users\Lenovo\Desktop\DjangoProjects\Apprompty\venv\Lib\site-packages\django\template\base.py", line 1052, in render_annotated
    return self.render(context)
           ~~~~~~~~~~~^^^^^^^^^
  File "C:\Users\Lenovo\Desktop\DjangoProjects\Apprompty\venv\Lib\site-packages\django\template\loader_tags.py", line 160, in render
    return compiled_parent._render(context)
           ~~~~~~~~~~~~~~~~~~~~~~~^^^^^^^^^
  File "C:\Users\Lenovo\Desktop\DjangoProjects\Apprompty\venv\Lib\site-packages\django\template\base.py", line 166, in _render
    return self.nodelist.render(context)
           ~~~~~~~~~~~~~~~~~~~~^^^^^^^^^
  File "C:\Users\Lenovo\Desktop\DjangoProjects\Apprompty\venv\Lib\site-packages\django\template\base.py", line 1091, in render
    return SafeString("".join([node.render_annotated(context) for node in self]))
                               ~~~~~~~~~~~~~~~~~~~~~^^^^^^^^^
  File "C:\Users\Lenovo\Desktop\DjangoProjects\Apprompty\venv\Lib\site-packages\django\template\base.py", line 1052, in render_annotated
    return self.render(context)
           ~~~~~~~~~~~^^^^^^^^^
  File "C:\Users\Lenovo\Desktop\DjangoProjects\Apprompty\venv\Lib\site-packages\django\template\loader_tags.py", line 66, in render
    result = block.nodelist.render(context)
  File "C:\Users\Lenovo\Desktop\DjangoProjects\Apprompty\venv\Lib\site-packages\django\template\base.py", line 1091, in render
    return SafeString("".join([node.render_annotated(context) for node in self]))
                               ~~~~~~~~~~~~~~~~~~~~~^^^^^^^^^
  File "C:\Users\Lenovo\Desktop\DjangoProjects\Apprompty\venv\Lib\site-packages\django\template\base.py", line 1052, in render_annotated
    return self.render(context)
           ~~~~~~~~~~~^^^^^^^^^
  File "C:\Users\Lenovo\Desktop\DjangoProjects\Apprompty\venv\Lib\site-packages\django\template\defaulttags.py", line 511, in render
    url = reverse(view_name, args=args, kwargs=kwargs, current_app=current_app)
  File "C:\Users\Lenovo\Desktop\DjangoProjects\Apprompty\venv\Lib\site-packages\django\urls\base.py", line 98, in reverse
    resolved_url = resolver._reverse_with_prefix(view, prefix, *args, **kwargs)
  File "C:\Users\Lenovo\Desktop\DjangoProjects\Apprompty\venv\Lib\site-packages\django\urls\resolvers.py", line 842, in _reverse_with_prefix
    raise NoReverseMatch(msg)
django.urls.exceptions.NoReverseMatch: Reverse for 'project_implementation' not found. 'project_implementation' is not a valid view function or pattern name.
ERROR 2026-01-06 05:27:40,772 log "GET /projects/4c99650e-a4cd-4314-b0bf-fe7d2f9fd518/blueprint/ HTTP/1.1" 500 190114
